<?xml version="1.0" encoding="UTF-8"?>
<!-- Generated by org.testng.reporters.JUnitReportReporter -->
<testsuite hostname="LAPTOP-MB7DGVQG" failures="0" tests="1" name="com.stc.gc2023.InvokeAppl" time="15.540" errors="0" timestamp="2023-09-28T13:04:19 IST" skipped="0">
  <testcase classname="com.stc.gc2023.InvokeAppl" name="f" time="15.540"/>
  <system-out/>
</testsuite> <!-- com.stc.gc2023.InvokeAppl -->
